This is pdfTeX, Version 3.14159265-2.6-1.40.17 (MiKTeX 2.9 64-bit) (preloaded format=pdflatex 2016.6.27)  27 JUN 2016 16:15
entering extended mode
**"D:/Copy/ÈÄ†ËØ≠/keng/keng Grammar.tex"
("D:/Copy/ÈÄ†ËØ≠/keng/keng Grammar.tex"
LaTeX2e <2016/03/31>
Babel <3.9r> and hyphenation patterns for 75 language(s) loaded.
("C:\Program Files\MiKTeX 2.9\tex\latex\base\article.cls"
Document Class: article 2014/09/29 v1.4h Standard LaTeX document class
("C:\Program Files\MiKTeX 2.9\tex\latex\base\size10.clo"
File: size10.clo 2014/09/29 v1.4h Standard LaTeX file (size option)
)
\c@part=\count79
\c@section=\count80
\c@subsection=\count81
\c@subsubsection=\count82
\c@paragraph=\count83
\c@subparagraph=\count84
\c@figure=\count85
\c@table=\count86
\abovecaptionskip=\skip41
\belowcaptionskip=\skip42
\bibindent=\dimen102
) ("keng Grammar.aux")
\openout1 = `"keng Grammar.aux"'.

LaTeX Font Info:    Checking defaults for OML/cmm/m/it on input line 6.
LaTeX Font Info:    ... okay on input line 6.
LaTeX Font Info:    Checking defaults for T1/cmr/m/n on input line 6.
LaTeX Font Info:    ... okay on input line 6.
LaTeX Font Info:    Checking defaults for OT1/cmr/m/n on input line 6.
LaTeX Font Info:    ... okay on input line 6.
LaTeX Font Info:    Checking defaults for OMS/cmsy/m/n on input line 6.
LaTeX Font Info:    ... okay on input line 6.
LaTeX Font Info:    Checking defaults for OMX/cmex/m/n on input line 6.
LaTeX Font Info:    ... okay on input line 6.
LaTeX Font Info:    Checking defaults for U/cmr/m/n on input line 6.
LaTeX Font Info:    ... okay on input line 6.
LaTeX Font Info:    External font `cmex10' loaded for size
(Font)              <12> on input line 7.
LaTeX Font Info:    External font `cmex10' loaded for size
(Font)              <8> on input line 7.
LaTeX Font Info:    External font `cmex10' loaded for size
(Font)              <6> on input line 7.
Missing character: There is no Â in font cmbx12!
Missing character: There is no â in font cmbx12!
Missing character: There is no ç in font cmbx12!
Missing character: There is no Ë in font cmbx12!
Missing character: There is no ® in font cmbx12!
Missing character: There is no Ä in font cmbx12!
Missing character: There is no Ë in font cmr10!
Missing character: There is no ™ in font cmr10!
Missing character: There is no ™ in font cmr10!
Missing character: There is no Ê in font cmr10!
Missing character: There is no ò in font cmr10!
Missing character: There is no Ø in font cmr10!
Missing character: There is no Â in font cmr10!
Missing character: There is no â in font cmr10!
Missing character: There is no ç in font cmr10!
Missing character: There is no Ë in font cmr10!
Missing character: There is no ® in font cmr10!
Missing character: There is no Ä in font cmr10!
Missing character: There is no Â in font cmr10!
Missing character: There is no ê in font cmr10!
Missing character: There is no ß in font cmr10!
Missing character: There is no Ô in font cmr10!
Missing character: There is no º in font cmr10!
Missing character: There is no å in font cmr10!
Missing character: There is no Â in font cmr10!
Missing character: There is no Ö in font cmr10!
Missing character: There is no ∂ in font cmr10!
Missing character: There is no Â in font cmr10!
Missing character: There is no Ø in font cmr10!
Missing character: There is no ¶ in font cmr10!
Missing character: There is no ‰ in font cmr10!
Missing character: There is no ∏ in font cmr10!
Missing character: There is no ¶ in font cmr10!
Missing character: There is no ‰ in font cmr10!
Missing character: There is no ∏ in font cmr10!
Missing character: There is no ç in font cmr10!
Missing character: There is no Á in font cmr10!
Missing character: There is no ü in font cmr10!
Missing character: There is no • in font cmr10!
Missing character: There is no È in font cmr10!
Missing character: There is no Å in font cmr10!
Missing character: There is no ì in font cmr10!
Missing character: There is no Ë in font cmr10!
Missing character: There is no © in font cmr10!
Missing character: There is no ≤ in font cmr10!
Missing character: There is no Â in font cmr10!
Missing character: There is no Ø in font cmr10!
Missing character: There is no ´ in font cmr10!
Missing character: There is no Â in font cmr10!
Missing character: There is no ï in font cmr10!
Missing character: There is no • in font cmr10!
Missing character: There is no ‚ in font cmr10!
Missing character: There is no Ä in font cmr10!
Missing character: There is no ¶ in font cmr10!
Missing character: There is no ‚ in font cmr10!
Missing character: There is no Ä in font cmr10!
Missing character: There is no ¶ in font cmr10!
[1

{C:/Users/lo/AppData/Local/MiKTeX/2.9/pdftex/config/pdftex.map}]
("keng Grammar.aux") ) 
Here is how much of TeX's memory you used:
 229 strings out of 493335
 2485 string characters out of 3139269
 53211 words of memory out of 3000000
 3833 multiletter control sequences out of 15000+200000
 7280 words of font info for 26 fonts, out of 3000000 for 9000
 1141 hyphenation exceptions out of 8191
 23i,6n,17p,142b,187s stack positions out of 5000i,500n,10000p,200000b,50000s
<C:/Program Files/MiKTeX 2.9/fonts/type1/public/amsfonts/
cm/cmbx12.pfb><C:/Program Files/MiKTeX 2.9/fonts/type1/public/amsfonts/cm/cmr10
.pfb><C:/Program Files/MiKTeX 2.9/fonts/type1/public/amsfonts/cm/cmr12.pfb><C:/
Program Files/MiKTeX 2.9/fonts/type1/public/amsfonts/cm/cmr17.pfb>
Output written on "keng Grammar.pdf" (1 page, 35344 bytes).
PDF statistics:
 22 PDF objects out of 1000 (max. 8388607)
 0 named destinations out of 1000 (max. 500000)
 1 words of extra memory for PDF output out of 10000 (max. 10000000)

